> Task :compileJava UP-TO-DATE
> Task :processResources UP-TO-DATE
> Task :classes UP-TO-DATE
> Task :resolveMainClassName UP-TO-DATE

> Task :bootRun

  .   ____          _            __ _ _
 /\\ / ___'_ __ _ _(_)_ __  __ _ \ \ \ \
( ( )\___ | '_ | '_| | '_ \/ _` | \ \ \ \
 \\/  ___)| |_)| | | | | || (_| |  ) ) ) )
  '  |____| .__|_| |_|_| |_\__, | / / / /
 =========|_|==============|___/=/_/_/_/
 :: Spring Boot ::                (v3.2.1)

2026-01-28T17:18:03.419+05:30  INFO 74772 --- [backend] [           main] com.example.app.Application              : Starting Application using Java 17.0.17 with PID 74772 (/Users/yashikajibhakate/Upgrade learning/monorepo/backend/build/classes/java/main started by yashikajibhakate in /Users/yashikajibhakate/Upgrade learning/monorepo/backend)
2026-01-28T17:18:03.421+05:30  INFO 74772 --- [backend] [           main] com.example.app.Application              : No active profile set, falling back to 1 default profile: "default"
2026-01-28T17:18:03.946+05:30  INFO 74772 --- [backend] [           main] .s.d.r.c.RepositoryConfigurationDelegate : Bootstrapping Spring Data JPA repositories in DEFAULT mode.
2026-01-28T17:18:04.003+05:30  INFO 74772 --- [backend] [           main] .s.d.r.c.RepositoryConfigurationDelegate : Finished Spring Data repository scanning in 49 ms. Found 5 JPA repository interfaces.
2026-01-28T17:18:04.423+05:30  INFO 74772 --- [backend] [           main] o.s.b.w.embedded.tomcat.TomcatWebServer  : Tomcat initialized with port 8080 (http)
2026-01-28T17:18:04.434+05:30  INFO 74772 --- [backend] [           main] o.apache.catalina.core.StandardService   : Starting service [Tomcat]
2026-01-28T17:18:04.434+05:30  INFO 74772 --- [backend] [           main] o.apache.catalina.core.StandardEngine    : Starting Servlet engine: [Apache Tomcat/10.1.17]
2026-01-28T17:18:04.478+05:30  INFO 74772 --- [backend] [           main] o.a.c.c.C.[Tomcat].[localhost].[/]       : Initializing Spring embedded WebApplicationContext
2026-01-28T17:18:04.478+05:30  INFO 74772 --- [backend] [           main] w.s.c.ServletWebServerApplicationContext : Root WebApplicationContext: initialization completed in 1017 ms
2026-01-28T17:18:04.609+05:30  INFO 74772 --- [backend] [           main] o.hibernate.jpa.internal.util.LogHelper  : HHH000204: Processing PersistenceUnitInfo [name: default]
2026-01-28T17:18:04.656+05:30  INFO 74772 --- [backend] [           main] org.hibernate.Version                    : HHH000412: Hibernate ORM core version 6.4.1.Final
2026-01-28T17:18:04.681+05:30  INFO 74772 --- [backend] [           main] o.h.c.internal.RegionFactoryInitiator    : HHH000026: Second-level cache disabled
2026-01-28T17:18:04.861+05:30  INFO 74772 --- [backend] [           main] o.s.o.j.p.SpringPersistenceUnitInfo      : No LoadTimeWeaver setup: ignoring JPA class transformer
2026-01-28T17:18:04.882+05:30  INFO 74772 --- [backend] [           main] com.zaxxer.hikari.HikariDataSource       : HikariPool-1 - Starting...
2026-01-28T17:18:05.020+05:30  INFO 74772 --- [backend] [           main] com.zaxxer.hikari.pool.HikariPool        : HikariPool-1 - Added connection org.postgresql.jdbc.PgConnection@7eaa2bc6
2026-01-28T17:18:05.021+05:30  INFO 74772 --- [backend] [           main] com.zaxxer.hikari.HikariDataSource       : HikariPool-1 - Start completed.
2026-01-28T17:18:05.803+05:30  INFO 74772 --- [backend] [           main] o.h.e.t.j.p.i.JtaPlatformInitiator       : HHH000489: No JTA platform available (set 'hibernate.transaction.jta.platform' to enable JTA platform integration)
2026-01-28T17:18:05.895+05:30  INFO 74772 --- [backend] [           main] j.LocalContainerEntityManagerFactoryBean : Initialized JPA EntityManagerFactory for persistence unit 'default'
HomeController Initialized!
2026-01-28T17:18:06.362+05:30  WARN 74772 --- [backend] [           main] JpaBaseConfiguration$JpaWebConfiguration : spring.jpa.open-in-view is enabled by default. Therefore, database queries may be performed during view rendering. Explicitly configure spring.jpa.open-in-view to disable this warning
2026-01-28T17:18:06.669+05:30  INFO 74772 --- [backend] [           main] o.s.b.w.embedded.tomcat.TomcatWebServer  : Tomcat started on port 8080 (http) with context path ''
2026-01-28T17:18:06.679+05:30  INFO 74772 --- [backend] [           main] com.example.app.Application              : Started Application in 3.542 seconds (process running for 3.813)
Seeding database with initial series and episodes...
Seeding completed.
2026-01-28T17:18:37.549+05:30  INFO 74772 --- [backend] [nio-8080-exec-1] o.a.c.c.C.[Tomcat].[localhost].[/]       : Initializing Spring DispatcherServlet 'dispatcherServlet'
2026-01-28T17:18:37.549+05:30  INFO 74772 --- [backend] [nio-8080-exec-1] o.s.web.servlet.DispatcherServlet        : Initializing Servlet 'dispatcherServlet'
2026-01-28T17:18:37.550+05:30  INFO 74772 --- [backend] [nio-8080-exec-1] o.s.web.servlet.DispatcherServlet        : Completed initialization in 1 ms
